[11.06.2015 18:51:18]	Операция не допускается, если объект закрыт. ->РИАПанда_.vbs
[11.06.2015 18:52:02]	Операция не допускается, если объект закрыт. ->ФораФарм.vbs
[11.06.2015 18:52:02]	Недопустимый вызов или аргумент процедуры ->ФораФарм.vbs
[11.06.2015 18:52:02]	Недопустимый вызов или аргумент процедуры ->ФораФарм.vbs
[16.07.2015 14:08:57]	Операция не допускается, если объект закрыт. ->РИАПанда_.vbs
[30.07.2015 15:38:05]	Операция не допускается, если объект закрыт. ->Здравсервис.vbs
[30.07.2015 15:46:38]	Операция не допускается, если объект закрыт. ->Здравсервис.vbs
[30.07.2015 15:48:56]	Операция не допускается, если объект закрыт. ->Здравсервис.vbs
[30.07.2015 15:51:54]	Операция не допускается, если объект закрыт. ->Здравсервис.vbs
[30.07.2015 15:52:35]	Операция не допускается, если объект закрыт. ->Здравсервис.vbs
[04.08.2015 12:01:41]	Объект 'ат' не найден ядром базы данных Microsoft Jet.  Проверьте существование объекта и правильность имени и пути. ->Тривес.vbs
[05.08.2015 17:08:09]	Операция не допускается, если объект закрыт. ->Протек.vbs
[05.08.2015 17:08:09]	Операция не допускается, если объект закрыт. ->Протек.vbs
[05.08.2015 17:08:09]	Операция не допускается, если объект закрыт. ->Протек.vbs
[05.08.2015 17:08:09]	Операция не допускается, если объект закрыт. ->Протек.vbs
[08.09.2015 9:54:30]	Операция не допускается, если объект закрыт. ->Протек.vbs
[08.09.2015 9:54:30]	Операция не допускается, если объект закрыт. ->Протек.vbs
[08.09.2015 9:54:30]	Операция не допускается, если объект закрыт. ->Протек.vbs
[16.09.2015 16:31:05]	Файл не найден ->Экотен.vbs
[16.09.2015 16:34:10]	Файл не найден ->Экотен.vbs
[16.11.2015 10:31:08]	Операция не допускается, если объект закрыт. ->Пульс.vbs
[16.11.2015 10:31:08]	Операция не допускается, если объект закрыт. ->Пульс.vbs
[23.11.2015 10:36:35]	Операция не допускается, если объект закрыт. ->Протек.vbs
[23.11.2015 10:36:36]	Операция не допускается, если объект закрыт. ->Протек.vbs
[23.11.2015 10:36:36]	Операция не допускается, если объект закрыт. ->Протек.vbs
[23.11.2015 10:36:36]	Операция не допускается, если объект закрыт. ->Протек.vbs
[23.11.2015 10:36:36]	Операция не допускается, если объект закрыт. ->Протек.vbs
[23.11.2015 11:08:29]	Объект 'ат' не найден ядром базы данных Microsoft Jet.  Проверьте существование объекта и правильность имени и пути. ->Тривес.vbs
[23.11.2015 11:08:29]	Объект 'ат' не найден ядром базы данных Microsoft Jet.  Проверьте существование объекта и правильность имени и пути. ->Тривес.vbs
[23.11.2015 11:36:11]	Разрешение отклонено ->Биомастер.vbs
[23.11.2015 11:36:11]	Операция не допускается, если объект закрыт. ->Биомастер.vbs
[17.03.2016 9:32:21]	Файл не найден ->Протек.vbs
[17.03.2016 9:32:21]	Файл не найден ->Протек.vbs
[17.03.2016 9:32:21]	Операция не допускается, если объект закрыт. ->Протек.vbs
[17.03.2016 9:32:21]	Файл не найден ->Протек.vbs
[17.03.2016 9:32:21]	Файл не найден ->Протек.vbs
[17.03.2016 9:32:21]	Файл не найден ->Протек.vbs
[17.03.2016 9:32:22]	Файл не найден ->Протек.vbs
[17.03.2016 9:32:36]	Операция не допускается, если объект закрыт. ->Протек.vbs
[17.03.2016 9:32:36]	Не удается найти объект в семействе, соответствующий требуемому имени или порядковому номеру. ->Протек.vbs
[17.03.2016 9:32:37]	Не удается найти объект в семействе, соответствующий требуемому имени или порядковому номеру. ->Протек.vbs
[17.03.2016 9:32:37]	Не удается найти объект в семействе, соответствующий требуемому имени или порядковому номеру. ->Протек.vbs
[17.03.2016 9:32:37]	Не удается найти объект в семействе, соответствующий требуемому имени или порядковому номеру. ->Протек.vbs
[17.03.2016 9:33:30]	Операция не допускается, если объект закрыт. ->Протек.vbs
[12.05.2016 9:58:34]	Объект 'ат' не найден ядром базы данных Microsoft Jet.  Проверьте существование объекта и правильность имени и пути. ->Тривес.vbs
[12.05.2016 12:06:46]	Операция не допускается, если объект закрыт. ->Тривес.vbs
[17.08.2016 12:02:42]	Операция не допускается, если объект закрыт. ->ФораФарм.vbs
[15.09.2016 11:01:39]	Не удается найти объект в семействе, соответствующий требуемому имени или порядковому номеру. ->Здравсервис.vbs
[29.10.2016 10:22:46]	Операция не допускается, если объект закрыт. ->Протек_эприка.vbs
